2021-09-08 04:10:59,404  INFO [main] LoginPage:77 - User name enterd as admin
2021-09-08 04:11:00,225  INFO [main] HomePage:45 - Validated Logo
2021-09-08 04:11:19,570  INFO [main] LoginPage:77 - User name enterd as trainee
2021-09-08 04:11:20,334  INFO [main] HomePage:45 - Validated Logo
2021-09-08 08:53:06,057  INFO [main] LoginPage:77 - User name enterd as admin
2021-09-08 08:53:06,958  INFO [main] HomePage:45 - Validated Logo
2021-09-08 08:53:24,330  INFO [main] LoginPage:77 - User name enterd as trainee
2021-09-08 08:53:25,237  INFO [main] HomePage:45 - Validated Logo
2023-03-10 10:33:38,956  INFO [main] HomePage:45 - Validated Logo
2023-03-10 10:34:14,910 DEBUG [main] cache:45 - Couldn't find template in cache for "Extent.ftl"("en_US", UTF-8, parsed); will try to load it.
2023-03-10 10:34:14,914 DEBUG [main] cache:45 - TemplateLoader.findTemplateSource("Extent_en_US.ftl"): Not found
2023-03-10 10:34:14,916 DEBUG [main] cache:45 - TemplateLoader.findTemplateSource("Extent_en.ftl"): Not found
2023-03-10 10:34:14,917 DEBUG [main] cache:45 - TemplateLoader.findTemplateSource("Extent.ftl"): Found
2023-03-10 10:34:14,918 DEBUG [main] cache:45 - Loading template for "Extent.ftl"("en_US", UTF-8, parsed) from "jar:file:/C:/Users/AADHIL/.m2/repository/com/relevantcodes/extentreports/2.41.2/extentreports-2.41.2.jar!/com/relevantcodes/extentreports/view/Extent.ftl"
2023-03-10 10:34:15,214 DEBUG [main] cache:45 - Couldn't find template in cache for "Extent.ftl"("en_US", UTF-8, parsed); will try to load it.
2023-03-10 10:34:15,215 DEBUG [main] cache:45 - TemplateLoader.findTemplateSource("Extent_en_US.ftl"): Not found
2023-03-10 10:34:15,216 DEBUG [main] cache:45 - TemplateLoader.findTemplateSource("Extent_en.ftl"): Not found
2023-03-10 10:34:15,217 DEBUG [main] cache:45 - TemplateLoader.findTemplateSource("Extent.ftl"): Found
2023-03-10 10:34:15,218 DEBUG [main] cache:45 - Loading template for "Extent.ftl"("en_US", UTF-8, parsed) from "jar:file:/C:/Users/AADHIL/.m2/repository/com/relevantcodes/extentreports/2.41.2/extentreports-2.41.2.jar!/com/relevantcodes/extentreports/view/Extent.ftl"
2023-03-18 08:54:24,978  INFO [main] HomePage:48 - Validated Logo
2023-03-18 08:55:04,928 DEBUG [main] cache:45 - Couldn't find template in cache for "Extent.ftl"("en_US", UTF-8, parsed); will try to load it.
2023-03-18 08:55:04,929 DEBUG [main] cache:45 - TemplateLoader.findTemplateSource("Extent_en_US.ftl"): Not found
2023-03-18 08:55:04,931 DEBUG [main] cache:45 - TemplateLoader.findTemplateSource("Extent_en.ftl"): Not found
2023-03-18 08:55:04,932 DEBUG [main] cache:45 - TemplateLoader.findTemplateSource("Extent.ftl"): Found
2023-03-18 08:55:04,933 DEBUG [main] cache:45 - Loading template for "Extent.ftl"("en_US", UTF-8, parsed) from "jar:file:/C:/Users/AADHIL/.m2/repository/com/relevantcodes/extentreports/2.41.2/extentreports-2.41.2.jar!/com/relevantcodes/extentreports/view/Extent.ftl"
2023-03-18 08:55:05,307 DEBUG [main] cache:45 - Couldn't find template in cache for "Extent.ftl"("en_US", UTF-8, parsed); will try to load it.
2023-03-18 08:55:05,309 DEBUG [main] cache:45 - TemplateLoader.findTemplateSource("Extent_en_US.ftl"): Not found
2023-03-18 08:55:05,311 DEBUG [main] cache:45 - TemplateLoader.findTemplateSource("Extent_en.ftl"): Not found
2023-03-18 08:55:05,312 DEBUG [main] cache:45 - TemplateLoader.findTemplateSource("Extent.ftl"): Found
2023-03-18 08:55:05,313 DEBUG [main] cache:45 - Loading template for "Extent.ftl"("en_US", UTF-8, parsed) from "jar:file:/C:/Users/AADHIL/.m2/repository/com/relevantcodes/extentreports/2.41.2/extentreports-2.41.2.jar!/com/relevantcodes/extentreports/view/Extent.ftl"
2023-03-18 09:07:38,226  INFO [main] HomePage:48 - Validated Logo
2023-03-18 09:08:45,086 DEBUG [main] cache:45 - Couldn't find template in cache for "Extent.ftl"("en_US", UTF-8, parsed); will try to load it.
2023-03-18 09:08:45,087 DEBUG [main] cache:45 - TemplateLoader.findTemplateSource("Extent_en_US.ftl"): Not found
2023-03-18 09:08:45,090 DEBUG [main] cache:45 - TemplateLoader.findTemplateSource("Extent_en.ftl"): Not found
2023-03-18 09:08:45,193 DEBUG [main] cache:45 - TemplateLoader.findTemplateSource("Extent.ftl"): Found
2023-03-18 09:08:45,194 DEBUG [main] cache:45 - Loading template for "Extent.ftl"("en_US", UTF-8, parsed) from "jar:file:/C:/Users/AADHIL/.m2/repository/com/relevantcodes/extentreports/2.41.2/extentreports-2.41.2.jar!/com/relevantcodes/extentreports/view/Extent.ftl"
2023-03-18 09:08:45,498 DEBUG [main] cache:45 - Couldn't find template in cache for "Extent.ftl"("en_US", UTF-8, parsed); will try to load it.
2023-03-18 09:08:45,499 DEBUG [main] cache:45 - TemplateLoader.findTemplateSource("Extent_en_US.ftl"): Not found
2023-03-18 09:08:45,499 DEBUG [main] cache:45 - TemplateLoader.findTemplateSource("Extent_en.ftl"): Not found
2023-03-18 09:08:45,500 DEBUG [main] cache:45 - TemplateLoader.findTemplateSource("Extent.ftl"): Found
2023-03-18 09:08:45,500 DEBUG [main] cache:45 - Loading template for "Extent.ftl"("en_US", UTF-8, parsed) from "jar:file:/C:/Users/AADHIL/.m2/repository/com/relevantcodes/extentreports/2.41.2/extentreports-2.41.2.jar!/com/relevantcodes/extentreports/view/Extent.ftl"
2023-03-18 09:10:44,432  INFO [main] HomePage:48 - Validated Logo
2023-03-18 09:12:32,014 DEBUG [main] cache:45 - Couldn't find template in cache for "Extent.ftl"("en_US", UTF-8, parsed); will try to load it.
2023-03-18 09:12:32,015 DEBUG [main] cache:45 - TemplateLoader.findTemplateSource("Extent_en_US.ftl"): Not found
2023-03-18 09:12:32,017 DEBUG [main] cache:45 - TemplateLoader.findTemplateSource("Extent_en.ftl"): Not found
2023-03-18 09:12:32,019 DEBUG [main] cache:45 - TemplateLoader.findTemplateSource("Extent.ftl"): Found
2023-03-18 09:12:32,021 DEBUG [main] cache:45 - Loading template for "Extent.ftl"("en_US", UTF-8, parsed) from "jar:file:/C:/Users/AADHIL/.m2/repository/com/relevantcodes/extentreports/2.41.2/extentreports-2.41.2.jar!/com/relevantcodes/extentreports/view/Extent.ftl"
2023-03-18 09:12:32,328 DEBUG [main] cache:45 - Couldn't find template in cache for "Extent.ftl"("en_US", UTF-8, parsed); will try to load it.
2023-03-18 09:12:32,329 DEBUG [main] cache:45 - TemplateLoader.findTemplateSource("Extent_en_US.ftl"): Not found
2023-03-18 09:12:32,330 DEBUG [main] cache:45 - TemplateLoader.findTemplateSource("Extent_en.ftl"): Not found
2023-03-18 09:12:32,331 DEBUG [main] cache:45 - TemplateLoader.findTemplateSource("Extent.ftl"): Found
2023-03-18 09:12:32,332 DEBUG [main] cache:45 - Loading template for "Extent.ftl"("en_US", UTF-8, parsed) from "jar:file:/C:/Users/AADHIL/.m2/repository/com/relevantcodes/extentreports/2.41.2/extentreports-2.41.2.jar!/com/relevantcodes/extentreports/view/Extent.ftl"
2023-03-18 09:20:25,714  INFO [main] UsersPage:56 - [[ChromeDriver: chrome on WINDOWS (98d2428a3bd0920cca18ea02d8b0ff93)] -> xpath: //input[@placeholder='First Name' and @id='createUserPanel_firstNameField']]
2023-03-18 09:20:26,064  INFO [main] UsersPage:59 - [[ChromeDriver: chrome on WINDOWS (98d2428a3bd0920cca18ea02d8b0ff93)] -> xpath: //input[@placeholder='MI' and @id='createUserPanel_middleNameField']]
2023-03-18 09:20:26,291  INFO [main] UsersPage:62 - [[ChromeDriver: chrome on WINDOWS (98d2428a3bd0920cca18ea02d8b0ff93)] -> xpath: //input[@placeholder='Last Name' and @id='createUserPanel_lastNameField']]
2023-03-18 09:20:26,524  INFO [main] UsersPage:65 - [[ChromeDriver: chrome on WINDOWS (98d2428a3bd0920cca18ea02d8b0ff93)] -> xpath: //input[@placeholder='Email' and @id='createUserPanel_emailField']]
2023-03-18 09:20:26,705  INFO [main] UsersPage:68 - [[ChromeDriver: chrome on WINDOWS (98d2428a3bd0920cca18ea02d8b0ff93)] -> xpath: //div[contains(text(),'Save & Send Invitation')]]
2023-03-18 09:21:15,047  INFO [main] UsersPage:56 - [[ChromeDriver: chrome on WINDOWS (ca97dc116c496159b750d39eb0caee22)] -> xpath: //input[@placeholder='First Name' and @id='createUserPanel_firstNameField']]
2023-03-18 09:21:15,322  INFO [main] UsersPage:59 - [[ChromeDriver: chrome on WINDOWS (ca97dc116c496159b750d39eb0caee22)] -> xpath: //input[@placeholder='MI' and @id='createUserPanel_middleNameField']]
2023-03-18 09:21:15,551  INFO [main] UsersPage:62 - [[ChromeDriver: chrome on WINDOWS (ca97dc116c496159b750d39eb0caee22)] -> xpath: //input[@placeholder='Last Name' and @id='createUserPanel_lastNameField']]
2023-03-18 09:21:15,833  INFO [main] UsersPage:65 - [[ChromeDriver: chrome on WINDOWS (ca97dc116c496159b750d39eb0caee22)] -> xpath: //input[@placeholder='Email' and @id='createUserPanel_emailField']]
2023-03-18 09:21:16,019  INFO [main] UsersPage:68 - [[ChromeDriver: chrome on WINDOWS (ca97dc116c496159b750d39eb0caee22)] -> xpath: //div[contains(text(),'Save & Send Invitation')]]
2023-03-18 21:38:52,688  INFO [main] UsersPage:58 - [[ChromeDriver: chrome on WINDOWS (6ad2eb3c6dfa1e5338ac5e941d718452)] -> xpath: //input[@placeholder='First Name' and @id='createUserPanel_firstNameField']]
2023-03-18 21:38:52,986  INFO [main] UsersPage:61 - [[ChromeDriver: chrome on WINDOWS (6ad2eb3c6dfa1e5338ac5e941d718452)] -> xpath: //input[@placeholder='MI' and @id='createUserPanel_middleNameField']]
2023-03-18 21:38:53,182  INFO [main] UsersPage:64 - [[ChromeDriver: chrome on WINDOWS (6ad2eb3c6dfa1e5338ac5e941d718452)] -> xpath: //input[@placeholder='Last Name' and @id='createUserPanel_lastNameField']]
2023-03-18 21:38:53,384  INFO [main] UsersPage:67 - [[ChromeDriver: chrome on WINDOWS (6ad2eb3c6dfa1e5338ac5e941d718452)] -> xpath: //input[@placeholder='Email' and @id='createUserPanel_emailField']]
2023-03-18 21:38:53,535  INFO [main] UsersPage:70 - [[ChromeDriver: chrome on WINDOWS (6ad2eb3c6dfa1e5338ac5e941d718452)] -> xpath: //div[contains(text(),'Save & Send Invitation')]]
2023-03-18 21:42:01,991  INFO [main] UsersPage:58 - [[ChromeDriver: chrome on WINDOWS (540c7f2cf594bcc2831a584c4933bd68)] -> xpath: //input[@placeholder='First Name' and @id='createUserPanel_firstNameField']]
2023-03-18 21:42:02,273  INFO [main] UsersPage:61 - [[ChromeDriver: chrome on WINDOWS (540c7f2cf594bcc2831a584c4933bd68)] -> xpath: //input[@placeholder='MI' and @id='createUserPanel_middleNameField']]
2023-03-18 21:42:02,495  INFO [main] UsersPage:64 - [[ChromeDriver: chrome on WINDOWS (540c7f2cf594bcc2831a584c4933bd68)] -> xpath: //input[@placeholder='Last Name' and @id='createUserPanel_lastNameField']]
2023-03-18 21:42:02,708  INFO [main] UsersPage:67 - [[ChromeDriver: chrome on WINDOWS (540c7f2cf594bcc2831a584c4933bd68)] -> xpath: //input[@placeholder='Email' and @id='createUserPanel_emailField']]
2023-03-18 21:42:02,850  INFO [main] UsersPage:70 - [[ChromeDriver: chrome on WINDOWS (540c7f2cf594bcc2831a584c4933bd68)] -> xpath: //div[contains(text(),'Save & Send Invitation')]]
